[2025-02-19 20:35:32 +0000] [144710] [INFO] Starting gunicorn 23.0.0
[2025-02-19 20:35:32 +0000] [144710] [INFO] Listening at: http://0.0.0.0:8000 (144710)
[2025-02-19 20:35:32 +0000] [144710] [INFO] Using worker: sync
[2025-02-19 20:35:32 +0000] [144711] [INFO] Booting worker with pid: 144711
[2025-02-19 20:36:52 +0000] [144710] [CRITICAL] WORKER TIMEOUT (pid:144711)
[2025-02-19 20:36:52 +0000] [144711] [ERROR] Error handling request (no URI read)
Traceback (most recent call last):
  File "/home/iiitd/FCS_Project/venv/lib/python3.10/site-packages/gunicorn/workers/sync.py", line 133, in handle
    req = next(parser)
  File "/home/iiitd/FCS_Project/venv/lib/python3.10/site-packages/gunicorn/http/parser.py", line 41, in __next__
    self.mesg = self.mesg_class(self.cfg, self.unreader, self.source_addr, self.req_count)
  File "/home/iiitd/FCS_Project/venv/lib/python3.10/site-packages/gunicorn/http/message.py", line 259, in __init__
    super().__init__(cfg, unreader, peer_addr)
  File "/home/iiitd/FCS_Project/venv/lib/python3.10/site-packages/gunicorn/http/message.py", line 60, in __init__
    unused = self.parse(self.unreader)
  File "/home/iiitd/FCS_Project/venv/lib/python3.10/site-packages/gunicorn/http/message.py", line 271, in parse
    self.get_data(unreader, buf, stop=True)
  File "/home/iiitd/FCS_Project/venv/lib/python3.10/site-packages/gunicorn/http/message.py", line 262, in get_data
    data = unreader.read()
  File "/home/iiitd/FCS_Project/venv/lib/python3.10/site-packages/gunicorn/http/unreader.py", line 36, in read
    d = self.chunk()
  File "/home/iiitd/FCS_Project/venv/lib/python3.10/site-packages/gunicorn/http/unreader.py", line 63, in chunk
    return self.sock.recv(self.mxchunk)
  File "/home/iiitd/FCS_Project/venv/lib/python3.10/site-packages/gunicorn/workers/base.py", line 204, in handle_abort
    sys.exit(1)
SystemExit: 1
[2025-02-19 20:36:52 +0000] [144711] [INFO] Worker exiting (pid: 144711)
[2025-02-19 20:36:52 +0000] [144730] [INFO] Booting worker with pid: 144730
[2025-02-19 20:38:38 +0000] [144730] [INFO] Worker exiting (pid: 144730)
[2025-02-19 20:38:38 +0000] [144736] [INFO] Booting worker with pid: 144736
[2025-02-19 20:39:32 +0000] [144710] [INFO] Handling signal: term
[2025-02-19 20:39:32 +0000] [144736] [INFO] Worker exiting (pid: 144736)
[2025-02-19 20:39:32 +0000] [144710] [INFO] Shutting down: Master
